<?xml version="1.0" encoding="UTF-8"?>
<!-- Generated by org.testng.reporters.JUnitXMLReporter -->
<testsuite ignored="0" hostname="TarushDubale" failures="0" tests="3" name="Default test" time="144.34" errors="0" timestamp="2023-12-12T08:50:07 IST">
  <testcase classname="core.LoginTest" name="inValidPassword" time="0.523"/>
  <testcase classname="core.LoginTest" name="inValidUserName" time="0.495"/>
  <testcase classname="core.LoginTest" name="validUserNamePassword" time="2.133"/>
</testsuite> <!-- Default test -->
