<?xml version="1.0" encoding="UTF-8"?>
<!-- Generated by org.testng.reporters.JUnitXMLReporter -->
<testsuite ignored="2" hostname="TarushDubale" failures="0" tests="4" name="Test" time="0.157" errors="0" timestamp="2023-12-16T09:05:33 IST">
  <testcase classname="test.GroupsClass" name="testCaseFour" time="0.032"/>
  <testcase classname="test.GroupsClass" name="testCaseOne" time="0.006"/>
  <testcase classname="test.GroupsClass" name="testCaseThree" time="0.003"/>
  <testcase classname="test.GroupsClass" name="testCaseTwo" time="0.003"/>
  <testcase classname="test.GroupsClass" name="testCaseSix" time="0.0">
    <ignored/>
  </testcase> <!-- testCaseSix -->
  <testcase classname="test.GroupsClass" name="testCaseFive" time="0.0">
    <ignored/>
  </testcase> <!-- testCaseFive -->
</testsuite> <!-- Test -->
