<?xml version="1.0" encoding="UTF-8"?>
<testng-results ignored="0" total="2" passed="2" failed="0" skipped="0">
  <reporter-output>
  </reporter-output>
  <suite started-at="2023-12-19T08:57:11 IST" name="Default suite" finished-at="2023-12-19T08:58:51 IST" duration-ms="100155">
    <groups>
    </groups>
    <test started-at="2023-12-19T08:57:11 IST" name="Default test" finished-at="2023-12-19T08:58:51 IST" duration-ms="100155">
      <class name="test.DataProviderLogin">
        <test-method signature="loginMethod(java.lang.String,java.lang.String)[pri:0, instance:test.DataProviderLogin@6af93788]" started-at="2023-12-19T08:57:11 IST" name="loginMethod" data-provider="dataProvider" finished-at="2023-12-19T08:58:06 IST" duration-ms="54705" status="PASS">
          <params>
            <param index="0">
              <value>
                <![CDATA[student]]>
              </value>
            </param>
            <param index="1">
              <value>
                <![CDATA[Password123]]>
              </value>
            </param>
          </params>
          <reporter-output>
          </reporter-output>
        </test-method> <!-- loginMethod -->
        <test-method signature="loginMethod(java.lang.String,java.lang.String)[pri:0, instance:test.DataProviderLogin@6af93788]" started-at="2023-12-19T08:58:06 IST" name="loginMethod" data-provider="dataProvider" finished-at="2023-12-19T08:58:51 IST" duration-ms="45393" status="PASS">
          <params>
            <param index="0">
              <value>
                <![CDATA[student]]>
              </value>
            </param>
            <param index="1">
              <value>
                <![CDATA[invalid]]>
              </value>
            </param>
          </params>
          <reporter-output>
          </reporter-output>
        </test-method> <!-- loginMethod -->
      </class> <!-- test.DataProviderLogin -->
    </test> <!-- Default test -->
  </suite> <!-- Default suite -->
</testng-results>
