<?xml version="1.0" encoding="UTF-8"?>
<testng-results ignored="2" total="6" passed="4" failed="0" skipped="0">
  <reporter-output>
  </reporter-output>
  <suite started-at="2023-12-16T09:05:33 IST" name="Suite" finished-at="2023-12-16T09:05:33 IST" duration-ms="157">
    <groups>
      <group name="regression">
        <method signature="GroupsClass.testCaseFour()[pri:0, instance:test.GroupsClass@60d8c9b7]" name="testCaseFour" class="test.GroupsClass"/>
      </group> <!-- regression -->
      <group name="smoke">
        <method signature="GroupsClass.testCaseFour()[pri:0, instance:test.GroupsClass@60d8c9b7]" name="testCaseFour" class="test.GroupsClass"/>
        <method signature="GroupsClass.testCaseOne()[pri:0, instance:test.GroupsClass@60d8c9b7]" name="testCaseOne" class="test.GroupsClass"/>
        <method signature="GroupsClass.testCaseThree()[pri:0, instance:test.GroupsClass@60d8c9b7]" name="testCaseThree" class="test.GroupsClass"/>
        <method signature="GroupsClass.testCaseTwo()[pri:0, instance:test.GroupsClass@60d8c9b7]" name="testCaseTwo" class="test.GroupsClass"/>
      </group> <!-- smoke -->
    </groups>
    <test started-at="2023-12-16T09:05:33 IST" name="Test" finished-at="2023-12-16T09:05:33 IST" duration-ms="157">
      <class name="test.GroupsClass">
        <test-method signature="testCaseFour()[pri:0, instance:test.GroupsClass@60d8c9b7]" started-at="2023-12-16T09:05:33 IST" name="testCaseFour" finished-at="2023-12-16T09:05:33 IST" duration-ms="32" status="PASS">
          <reporter-output>
          </reporter-output>
        </test-method> <!-- testCaseFour -->
        <test-method signature="testCaseOne()[pri:0, instance:test.GroupsClass@60d8c9b7]" started-at="2023-12-16T09:05:33 IST" name="testCaseOne" finished-at="2023-12-16T09:05:33 IST" duration-ms="6" status="PASS">
          <reporter-output>
          </reporter-output>
        </test-method> <!-- testCaseOne -->
        <test-method signature="testCaseThree()[pri:0, instance:test.GroupsClass@60d8c9b7]" started-at="2023-12-16T09:05:33 IST" name="testCaseThree" finished-at="2023-12-16T09:05:33 IST" duration-ms="3" status="PASS">
          <reporter-output>
          </reporter-output>
        </test-method> <!-- testCaseThree -->
        <test-method signature="testCaseTwo()[pri:0, instance:test.GroupsClass@60d8c9b7]" started-at="2023-12-16T09:05:33 IST" name="testCaseTwo" finished-at="2023-12-16T09:05:33 IST" duration-ms="3" status="PASS">
          <reporter-output>
          </reporter-output>
        </test-method> <!-- testCaseTwo -->
      </class> <!-- test.GroupsClass -->
    </test> <!-- Test -->
  </suite> <!-- Suite -->
</testng-results>
